# JRE version: OpenJDK Runtime Environment GraalVM CE 22.1.0 (17.0.3+7) (build 17.0.3+7-jvmci-22.1-b06)
# Java VM: OpenJDK 64-Bit Server VM GraalVM CE 22.1.0 (17.0.3+7-jvmci-22.1-b06, mixed mode, sharing, tiered, jvmci, jvmci compiler, compressed oops, compressed class ptrs, serial gc, linux-amd64)
GC Precious Log:
 CPUs: 16 total, 1 available
 Memory: 1024M
 Large Page Support: Disabled
 NUMA Support: Disabled
 Compressed Oops: Enabled (32-bit)
 Heap Min Capacity: 8M
 Heap Initial Capacity: 8M
 Heap Max Capacity: 256M
 Pre-touch: Disabled
Heap:
 def new generation   total 2432K, used 594K [0x00000000f0000000, 0x00000000f02a0000, 0x00000000f5550000)
  eden space 2176K,  15% used [0x00000000f0000000, 0x00000000f0054950, 0x00000000f0220000)
  from space 256K, 100% used [0x00000000f0260000, 0x00000000f02a0000, 0x00000000f02a0000)
  to   space 256K,   0% used [0x00000000f0220000, 0x00000000f0220000, 0x00000000f0260000)
 tenured generation   total 5504K, used 2455K [0x00000000f5550000, 0x00000000f5ab0000, 0x0000000100000000)
   the space 5504K,  44% used [0x00000000f5550000, 0x00000000f57b5c88, 0x00000000f57b5e00, 0x00000000f5ab0000)
 Metaspace       used 8787K, committed 8896K, reserved 1064960K
  class space    used 1019K, committed 1088K, reserved 1048576K
GC Heap History (6 events):
Event: 1.799 GC heap before
{Heap before GC invocations=0 (full 0):
 def new generation   total 2432K, used 2176K [0x00000000f0000000, 0x00000000f02a0000, 0x00000000f5550000)
  eden space 2176K, 100% used [0x00000000f0000000, 0x00000000f0220000, 0x00000000f0220000)
  from space 256K,   0% used [0x00000000f0220000, 0x00000000f0220000, 0x00000000f0260000)
  to   space 256K,   0% used [0x00000000f0260000, 0x00000000f0260000, 0x00000000f02a0000)
 tenured generation   total 5504K, used 0K [0x00000000f5550000, 0x00000000f5ab0000, 0x0000000100000000)
   the space 5504K,   0% used [0x00000000f5550000, 0x00000000f5550000, 0x00000000f5550200, 0x00000000f5ab0000)
 Metaspace       used 1488K, committed 1664K, reserved 1056768K
  class space    used 168K, committed 256K, reserved 1048576K
}
Event: 1.887 GC heap after
{Heap after GC invocations=1 (full 0):
 def new generation   total 2432K, used 255K [0x00000000f0000000, 0x00000000f02a0000, 0x00000000f5550000)
  eden space 2176K,   0% used [0x00000000f0000000, 0x00000000f0000000, 0x00000000f0220000)
  from space 256K,  99% used [0x00000000f0260000, 0x00000000f029fff8, 0x00000000f02a0000)
  to   space 256K,   0% used [0x00000000f0220000, 0x00000000f0220000, 0x00000000f0260000)
 tenured generation   total 5504K, used 722K [0x00000000f5550000, 0x00000000f5ab0000, 0x0000000100000000)
   the space 5504K,  13% used [0x00000000f5550000, 0x00000000f56048d8, 0x00000000f5604a00, 0x00000000f5ab0000)
 Metaspace       used 1488K, committed 1664K, reserved 1056768K
  class space    used 168K, committed 256K, reserved 1048576K
}
Event: 3.486 GC heap before
{Heap before GC invocations=1 (full 0):
 def new generation   total 2432K, used 2431K [0x00000000f0000000, 0x00000000f02a0000, 0x00000000f5550000)
  eden space 2176K, 100% used [0x00000000f0000000, 0x00000000f0220000, 0x00000000f0220000)
  from space 256K,  99% used [0x00000000f0260000, 0x00000000f029fff8, 0x00000000f02a0000)
  to   space 256K,   0% used [0x00000000f0220000, 0x00000000f0220000, 0x00000000f0260000)
 tenured generation   total 5504K, used 722K [0x00000000f5550000, 0x00000000f5ab0000, 0x0000000100000000)
   the space 5504K,  13% used [0x00000000f5550000, 0x00000000f56048d8, 0x00000000f5604a00, 0x00000000f5ab0000)
 Metaspace       used 5422K, committed 5568K, reserved 1056768K
  class space    used 685K, committed 768K, reserved 1048576K
}
Event: 3.496 GC heap after
{Heap after GC invocations=2 (full 0):
 def new generation   total 2432K, used 255K [0x00000000f0000000, 0x00000000f02a0000, 0x00000000f5550000)
  eden space 2176K,   0% used [0x00000000f0000000, 0x00000000f0000000, 0x00000000f0220000)
  from space 256K,  99% used [0x00000000f0220000, 0x00000000f025fff8, 0x00000000f0260000)
  to   space 256K,   0% used [0x00000000f0260000, 0x00000000f0260000, 0x00000000f02a0000)
 tenured generation   total 5504K, used 1707K [0x00000000f5550000, 0x00000000f5ab0000, 0x0000000100000000)
   the space 5504K,  31% used [0x00000000f5550000, 0x00000000f56faf70, 0x00000000f56fb000, 0x00000000f5ab0000)
 Metaspace       used 5422K, committed 5568K, reserved 1056768K
  class space    used 685K, committed 768K, reserved 1048576K
}
Event: 4.789 GC heap before
{Heap before GC invocations=2 (full 0):
 def new generation   total 2432K, used 2431K [0x00000000f0000000, 0x00000000f02a0000, 0x00000000f5550000)
  eden space 2176K, 100% used [0x00000000f0000000, 0x00000000f0220000, 0x00000000f0220000)
  from space 256K,  99% used [0x00000000f0220000, 0x00000000f025fff8, 0x00000000f0260000)
  to   space 256K,   0% used [0x00000000f0260000, 0x00000000f0260000, 0x00000000f02a0000)
 tenured generation   total 5504K, used 1707K [0x00000000f5550000, 0x00000000f5ab0000, 0x0000000100000000)
   the space 5504K,  31% used [0x00000000f5550000, 0x00000000f56faf70, 0x00000000f56fb000, 0x00000000f5ab0000)
 Metaspace       used 8714K, committed 8832K, reserved 1064960K
  class space    used 1019K, committed 1088K, reserved 1048576K
}
Event: 4.889 GC heap after
{Heap after GC invocations=3 (full 0):
 def new generation   total 2432K, used 256K [0x00000000f0000000, 0x00000000f02a0000, 0x00000000f5550000)
  eden space 2176K,   0% used [0x00000000f0000000, 0x00000000f0000000, 0x00000000f0220000)
  from space 256K, 100% used [0x00000000f0260000, 0x00000000f02a0000, 0x00000000f02a0000)
  to   space 256K,   0% used [0x00000000f0220000, 0x00000000f0220000, 0x00000000f0260000)
 tenured generation   total 5504K, used 2455K [0x00000000f5550000, 0x00000000f5ab0000, 0x0000000100000000)
   the space 5504K,  44% used [0x00000000f5550000, 0x00000000f57b5c88, 0x00000000f57b5e00, 0x00000000f5ab0000)
 Metaspace       used 8714K, committed 8832K, reserved 1064960K
  class space    used 1019K, committed 1088K, reserved 1048576K
}

